{"/Users/yaelahlan/Documents/Quranul/src/components/loading.js": {"path":"/Users/yaelahlan/Documents/Quranul/src/components/loading.js","statementMap":{"0":{"start":{"line":5,"column":2},"end":{"line":9,"column":4}},"1":{"start":{"line":14,"column":15},"end":{"line":27,"column":2}}},"fnMap":{"0":{"name":"loading","decl":{"start":{"line":4,"column":9},"end":{"line":4,"column":16}},"loc":{"start":{"line":4,"column":19},"end":{"line":10,"column":1}},"line":4}},"branchMap":{},"s":{"0":2,"1":3},"f":{"0":2},"b":{},"_coverageSchema":"1a1c01bbd47fc00a2c39e90264f33305004495a9","hash":"5b5b30e52e64065b9aa29c2a12200a9e481559cc"}
,"/Users/yaelahlan/Documents/Quranul/src/pages/details.js": {"path":"/Users/yaelahlan/Documents/Quranul/src/pages/details.js","statementMap":{"0":{"start":{"line":7,"column":13},"end":{"line":7,"column":39}},"1":{"start":{"line":8,"column":20},"end":{"line":8,"column":48}},"2":{"start":{"line":10,"column":30},"end":{"line":10,"column":42}},"3":{"start":{"line":11,"column":32},"end":{"line":11,"column":46}},"4":{"start":{"line":13,"column":22},"end":{"line":23,"column":3}},"5":{"start":{"line":14,"column":4},"end":{"line":22,"column":9}},"6":{"start":{"line":17,"column":8},"end":{"line":17,"column":31}},"7":{"start":{"line":18,"column":8},"end":{"line":18,"column":26}},"8":{"start":{"line":21,"column":8},"end":{"line":21,"column":29}},"9":{"start":{"line":24,"column":2},"end":{"line":26,"column":5}},"10":{"start":{"line":25,"column":4},"end":{"line":25,"column":18}},"11":{"start":{"line":28,"column":23},"end":{"line":44,"column":3}},"12":{"start":{"line":29,"column":4},"end":{"line":43,"column":11}},"13":{"start":{"line":45,"column":2},"end":{"line":69,"column":4}},"14":{"start":{"line":62,"column":38},"end":{"line":62,"column":43}},"15":{"start":{"line":74,"column":15},"end":{"line":121,"column":2}}},"fnMap":{"0":{"name":"Detail","decl":{"start":{"line":6,"column":9},"end":{"line":6,"column":15}},"loc":{"start":{"line":6,"column":23},"end":{"line":70,"column":1}},"line":6},"1":{"name":"(anonymous_1)","decl":{"start":{"line":13,"column":22},"end":{"line":13,"column":23}},"loc":{"start":{"line":13,"column":28},"end":{"line":23,"column":3}},"line":13},"2":{"name":"(anonymous_2)","decl":{"start":{"line":16,"column":12},"end":{"line":16,"column":13}},"loc":{"start":{"line":16,"column":22},"end":{"line":19,"column":7}},"line":16},"3":{"name":"(anonymous_3)","decl":{"start":{"line":20,"column":13},"end":{"line":20,"column":14}},"loc":{"start":{"line":20,"column":22},"end":{"line":22,"column":7}},"line":20},"4":{"name":"(anonymous_4)","decl":{"start":{"line":24,"column":12},"end":{"line":24,"column":13}},"loc":{"start":{"line":24,"column":18},"end":{"line":26,"column":3}},"line":24},"5":{"name":"(anonymous_5)","decl":{"start":{"line":28,"column":23},"end":{"line":28,"column":24}},"loc":{"start":{"line":29,"column":4},"end":{"line":43,"column":11}},"line":29},"6":{"name":"(anonymous_6)","decl":{"start":{"line":62,"column":24},"end":{"line":62,"column":25}},"loc":{"start":{"line":62,"column":38},"end":{"line":62,"column":43}},"line":62}},"branchMap":{"0":{"loc":{"start":{"line":67,"column":7},"end":{"line":67,"column":29}},"type":"binary-expr","locations":[{"start":{"line":67,"column":7},"end":{"line":67,"column":14}},{"start":{"line":67,"column":18},"end":{"line":67,"column":29}}],"line":67}},"s":{"0":2,"1":0,"2":0,"3":0,"4":0,"5":0,"6":0,"7":0,"8":0,"9":0,"10":0,"11":0,"12":0,"13":0,"14":0,"15":1},"f":{"0":2,"1":0,"2":0,"3":0,"4":0,"5":0,"6":0},"b":{"0":[0,0]},"_coverageSchema":"1a1c01bbd47fc00a2c39e90264f33305004495a9","hash":"61b29c14300932a8bddf0db4db6886e678ae6f15"}
,"/Users/yaelahlan/Documents/Quranul/src/pages/home.js": {"path":"/Users/yaelahlan/Documents/Quranul/src/pages/home.js","statementMap":{"0":{"start":{"line":14,"column":26},"end":{"line":14,"column":38}},"1":{"start":{"line":15,"column":32},"end":{"line":15,"column":46}},"2":{"start":{"line":17,"column":2},"end":{"line":19,"column":5}},"3":{"start":{"line":18,"column":4},"end":{"line":18,"column":18}},"4":{"start":{"line":21,"column":22},"end":{"line":31,"column":3}},"5":{"start":{"line":22,"column":4},"end":{"line":30,"column":9}},"6":{"start":{"line":25,"column":8},"end":{"line":25,"column":29}},"7":{"start":{"line":26,"column":8},"end":{"line":26,"column":26}},"8":{"start":{"line":29,"column":8},"end":{"line":29,"column":29}},"9":{"start":{"line":33,"column":21},"end":{"line":35,"column":3}},"10":{"start":{"line":34,"column":4},"end":{"line":34,"column":77}},"11":{"start":{"line":36,"column":22},"end":{"line":66,"column":3}},"12":{"start":{"line":37,"column":4},"end":{"line":65,"column":11}},"13":{"start":{"line":40,"column":23},"end":{"line":40,"column":56}},"14":{"start":{"line":68,"column":2},"end":{"line":83,"column":4}},"15":{"start":{"line":77,"column":36},"end":{"line":77,"column":41}},"16":{"start":{"line":88,"column":15},"end":{"line":145,"column":2}}},"fnMap":{"0":{"name":"Home","decl":{"start":{"line":13,"column":9},"end":{"line":13,"column":13}},"loc":{"start":{"line":13,"column":21},"end":{"line":84,"column":1}},"line":13},"1":{"name":"(anonymous_1)","decl":{"start":{"line":17,"column":12},"end":{"line":17,"column":13}},"loc":{"start":{"line":17,"column":18},"end":{"line":19,"column":3}},"line":17},"2":{"name":"(anonymous_2)","decl":{"start":{"line":21,"column":22},"end":{"line":21,"column":23}},"loc":{"start":{"line":21,"column":28},"end":{"line":31,"column":3}},"line":21},"3":{"name":"(anonymous_3)","decl":{"start":{"line":24,"column":12},"end":{"line":24,"column":13}},"loc":{"start":{"line":24,"column":22},"end":{"line":27,"column":7}},"line":24},"4":{"name":"(anonymous_4)","decl":{"start":{"line":28,"column":13},"end":{"line":28,"column":14}},"loc":{"start":{"line":28,"column":22},"end":{"line":30,"column":7}},"line":28},"5":{"name":"(anonymous_5)","decl":{"start":{"line":33,"column":21},"end":{"line":33,"column":22}},"loc":{"start":{"line":33,"column":40},"end":{"line":35,"column":3}},"line":33},"6":{"name":"(anonymous_6)","decl":{"start":{"line":36,"column":22},"end":{"line":36,"column":23}},"loc":{"start":{"line":37,"column":4},"end":{"line":65,"column":11}},"line":37},"7":{"name":"(anonymous_7)","decl":{"start":{"line":40,"column":17},"end":{"line":40,"column":18}},"loc":{"start":{"line":40,"column":23},"end":{"line":40,"column":56}},"line":40},"8":{"name":"(anonymous_8)","decl":{"start":{"line":77,"column":22},"end":{"line":77,"column":23}},"loc":{"start":{"line":77,"column":36},"end":{"line":77,"column":41}},"line":77}},"branchMap":{"0":{"loc":{"start":{"line":81,"column":7},"end":{"line":81,"column":29}},"type":"binary-expr","locations":[{"start":{"line":81,"column":7},"end":{"line":81,"column":14}},{"start":{"line":81,"column":18},"end":{"line":81,"column":29}}],"line":81}},"s":{"0":1,"1":1,"2":1,"3":1,"4":1,"5":1,"6":0,"7":0,"8":0,"9":1,"10":0,"11":1,"12":0,"13":0,"14":1,"15":0,"16":1},"f":{"0":1,"1":1,"2":1,"3":0,"4":0,"5":0,"6":0,"7":0,"8":0},"b":{"0":[1,1]},"_coverageSchema":"1a1c01bbd47fc00a2c39e90264f33305004495a9","hash":"3e7a22d2b3dbf81a650f4436630ae7fbeab6812f"}
}
