TN:
SF:src/components/loading.js
FN:4,loading
FNF:1
FNH:1
FNDA:2,loading
DA:5,2
DA:14,3
LF:2
LH:2
BRF:0
BRH:0
end_of_record
TN:
SF:src/pages/details.js
FN:6,Detail
FN:13,(anonymous_1)
FN:16,(anonymous_2)
FN:20,(anonymous_3)
FN:24,(anonymous_4)
FN:28,(anonymous_5)
FN:62,(anonymous_6)
FNF:7
FNH:1
FNDA:2,Detail
FNDA:0,(anonymous_1)
FNDA:0,(anonymous_2)
FNDA:0,(anonymous_3)
FNDA:0,(anonymous_4)
FNDA:0,(anonymous_5)
FNDA:0,(anonymous_6)
DA:7,2
DA:8,0
DA:10,0
DA:11,0
DA:13,0
DA:14,0
DA:17,0
DA:18,0
DA:21,0
DA:24,0
DA:25,0
DA:28,0
DA:29,0
DA:45,0
DA:62,0
DA:74,1
LF:16
LH:2
BRDA:67,0,0,0
BRDA:67,0,1,0
BRF:2
BRH:0
end_of_record
TN:
SF:src/pages/home.js
FN:13,Home
FN:17,(anonymous_1)
FN:21,(anonymous_2)
FN:24,(anonymous_3)
FN:28,(anonymous_4)
FN:33,(anonymous_5)
FN:36,(anonymous_6)
FN:40,(anonymous_7)
FN:77,(anonymous_8)
FNF:9
FNH:3
FNDA:1,Home
FNDA:1,(anonymous_1)
FNDA:1,(anonymous_2)
FNDA:0,(anonymous_3)
FNDA:0,(anonymous_4)
FNDA:0,(anonymous_5)
FNDA:0,(anonymous_6)
FNDA:0,(anonymous_7)
FNDA:0,(anonymous_8)
DA:14,1
DA:15,1
DA:17,1
DA:18,1
DA:21,1
DA:22,1
DA:25,0
DA:26,0
DA:29,0
DA:33,1
DA:34,0
DA:36,1
DA:37,0
DA:40,0
DA:68,1
DA:77,0
DA:88,1
LF:17
LH:10
BRDA:81,0,0,1
BRDA:81,0,1,1
BRF:2
BRH:2
end_of_record
